<?xml version="1.0" encoding="UTF-8"?>
<testsuite xmlns:xsi="http://www.w3.org/2001/XMLSchema-instance" xsi:noNamespaceSchemaLocation="https://maven.apache.org/surefire/maven-surefire-plugin/xsd/surefire-test-report-3.0.xsd" version="3.0" name="com.example.userservice.UserServiceApplicationTests" time="0.764" tests="1" errors="0" skipped="0" failures="0">
  <properties>
[...]
</properties>
  <testcase name="contextLoads" classname="com.example.userservice.UserServiceApplicationTests" time="0.257">
    <system-out><![CDATA[20:50:32.456 [main] INFO org.springframework.test.context.support.AnnotationConfigContextLoaderUtils -- Could not detect default configuration classes for test class [com.example.userservice.UserServiceApplicationTests]: UserServiceApplicationTests does not declare any static, non-private, non-final, nested classes annotated with @Configuration.
20:50:32.489 [main] INFO org.springframework.boot.test.context.SpringBootTestContextBootstrapper -- Found @SpringBootConfiguration com.example.userservice.UserServiceApplication for test class com.example.userservice.UserServiceApplicationTests

  .   ____          _            __ _ _
 /\\ / ___'_ __ _ _(_)_ __  __ _ \ \ \ \
( ( )\___ | '_ | '_| | '_ \/ _` | \ \ \ \
 \\/  ___)| |_)| | | | | || (_| |  ) ) ) )
  '  |____| .__|_| |_|_| |_\__, | / / / /
 =========|_|==============|___/=/_/_/_/
&amp#27;[32m :: Spring Boot :: &amp#27;[39m              &amp#27;[2m (v3.1.1)&amp#27;[0;39m

&amp#27;[2m2025-10-01T20:50:32.595+05:30&amp#27;[0;39m &amp#27;[32m INFO&amp#27;[0;39m &amp#27;[35m8410&amp#27;[0;39m &amp#27;[2m---&amp#27;[0;39m &amp#27;[2m[           main]&amp#27;[0;39m &amp#27;[36mc.e.u.UserServiceApplicationTests       &amp#27;[0;39m &amp#27;[2m:&amp#27;[0;39m Starting UserServiceApplicationTests using Java 24.0.2 with PID 8410 (started by karansingh in /Users/karansingh/.jenkins/workspace/user-service-pipeline)
&amp#27;[2m2025-10-01T20:50:32.596+05:30&amp#27;[0;39m &amp#27;[32m INFO&amp#27;[0;39m &amp#27;[35m8410&amp#27;[0;39m &amp#27;[2m---&amp#27;[0;39m &amp#27;[2m[           main]&amp#27;[0;39m &amp#27;[36mc.e.u.UserServiceApplicationTests       &amp#27;[0;39m &amp#27;[2m:&amp#27;[0;39m No active profile set, falling back to 1 default profile: "default"
&amp#27;[2m2025-10-01T20:50:32.909+05:30&amp#27;[0;39m &amp#27;[32m INFO&amp#27;[0;39m &amp#27;[35m8410&amp#27;[0;39m &amp#27;[2m---&amp#27;[0;39m &amp#27;[2m[           main]&amp#27;[0;39m &amp#27;[36mc.e.u.UserServiceApplicationTests       &amp#27;[0;39m &amp#27;[2m:&amp#27;[0;39m Started UserServiceApplicationTests in 0.383 seconds (process running for 0.665)
]]></system-out>
    <system-err><![CDATA[WARNING: A Java agent has been loaded dynamically (/Users/karansingh/.m2/repository/net/bytebuddy/byte-buddy-agent/1.14.4/byte-buddy-agent-1.14.4.jar)
WARNING: If a serviceability tool is in use, please run with -XX:+EnableDynamicAgentLoading to hide this warning
WARNING: If a serviceability tool is not in use, please run with -Djdk.instrument.traceUsage for more information
WARNING: Dynamic loading of agents will be disallowed by default in a future release
]]></system-err>
  </testcase>
</testsuite>